Nov 26 2025 15:15:30
{"Number":8192,"Message":"rtrim(): Passing null to parameter #1 ($string) of type string is deprecated","File":"C:\\Users\\thanh\\Local Sites\\noithatpaloma\\app\\public\\wp-includes\\formatting.php","Line":2829}

Nov 26 2025 15:15:30
{"Number":8192,"Message":"rtrim(): Passing null to parameter #1 ($string) of type string is deprecated","File":"C:\\Users\\thanh\\Local Sites\\noithatpaloma\\app\\public\\wp-includes\\formatting.php","Line":2829}

Nov 26 2025 15:15:30
{"Number":8192,"Message":"rtrim(): Passing null to parameter #1 ($string) of type string is deprecated","File":"C:\\Users\\thanh\\Local Sites\\noithatpaloma\\app\\public\\wp-includes\\formatting.php","Line":2829}

Nov 26 2025 15:15:30
{"Number":8192,"Message":"rtrim(): Passing null to parameter #1 ($string) of type string is deprecated","File":"C:\\Users\\thanh\\Local Sites\\noithatpaloma\\app\\public\\wp-includes\\formatting.php","Line":2829}

Nov 26 2025 15:15:30
{"Number":8192,"Message":"rtrim(): Passing null to parameter #1 ($string) of type string is deprecated","File":"C:\\Users\\thanh\\Local Sites\\noithatpaloma\\app\\public\\wp-includes\\formatting.php","Line":2829}

Nov 26 2025 15:15:30
{"Number":8192,"Message":"rtrim(): Passing null to parameter #1 ($string) of type string is deprecated","File":"C:\\Users\\thanh\\Local Sites\\noithatpaloma\\app\\public\\wp-includes\\formatting.php","Line":2829}

Nov 26 2025 15:15:30
{"Number":8192,"Message":"rtrim(): Passing null to parameter #1 ($string) of type string is deprecated","File":"C:\\Users\\thanh\\Local Sites\\noithatpaloma\\app\\public\\wp-includes\\formatting.php","Line":2829}

Nov 26 2025 15:15:30
{"Number":8192,"Message":"rtrim(): Passing null to parameter #1 ($string) of type string is deprecated","File":"C:\\Users\\thanh\\Local Sites\\noithatpaloma\\app\\public\\wp-includes\\formatting.php","Line":2829}

Nov 26 2025 15:15:30
{"Number":8192,"Message":"rtrim(): Passing null to parameter #1 ($string) of type string is deprecated","File":"C:\\Users\\thanh\\Local Sites\\noithatpaloma\\app\\public\\wp-includes\\formatting.php","Line":2829}

Nov 26 2025 15:15:30
{"Number":8192,"Message":"rtrim(): Passing null to parameter #1 ($string) of type string is deprecated","File":"C:\\Users\\thanh\\Local Sites\\noithatpaloma\\app\\public\\wp-includes\\formatting.php","Line":2829}

Nov 26 2025 15:15:30
{"Number":8192,"Message":"rtrim(): Passing null to parameter #1 ($string) of type string is deprecated","File":"C:\\Users\\thanh\\Local Sites\\noithatpaloma\\app\\public\\wp-includes\\formatting.php","Line":2829}

Nov 26 2025 15:15:30
{"Number":8192,"Message":"rtrim(): Passing null to parameter #1 ($string) of type string is deprecated","File":"C:\\Users\\thanh\\Local Sites\\noithatpaloma\\app\\public\\wp-includes\\formatting.php","Line":2829}

Nov 26 2025 15:15:30
{"Number":8192,"Message":"rtrim(): Passing null to parameter #1 ($string) of type string is deprecated","File":"C:\\Users\\thanh\\Local Sites\\noithatpaloma\\app\\public\\wp-includes\\formatting.php","Line":2829}

Nov 26 2025 15:15:30
{"Number":8192,"Message":"rtrim(): Passing null to parameter #1 ($string) of type string is deprecated","File":"C:\\Users\\thanh\\Local Sites\\noithatpaloma\\app\\public\\wp-includes\\formatting.php","Line":2829}

Nov 26 2025 15:15:30
{"Number":8192,"Message":"rtrim(): Passing null to parameter #1 ($string) of type string is deprecated","File":"C:\\Users\\thanh\\Local Sites\\noithatpaloma\\app\\public\\wp-includes\\formatting.php","Line":2829}

Nov 26 2025 15:15:30
{"Number":8192,"Message":"rtrim(): Passing null to parameter #1 ($string) of type string is deprecated","File":"C:\\Users\\thanh\\Local Sites\\noithatpaloma\\app\\public\\wp-includes\\formatting.php","Line":2829}

Nov 26 2025 15:15:30
{"Number":8192,"Message":"rtrim(): Passing null to parameter #1 ($string) of type string is deprecated","File":"C:\\Users\\thanh\\Local Sites\\noithatpaloma\\app\\public\\wp-includes\\formatting.php","Line":2829}

Nov 26 2025 15:15:30
{"Number":8192,"Message":"rtrim(): Passing null to parameter #1 ($string) of type string is deprecated","File":"C:\\Users\\thanh\\Local Sites\\noithatpaloma\\app\\public\\wp-includes\\formatting.php","Line":2829}

Nov 26 2025 15:15:30
{"Number":8192,"Message":"rtrim(): Passing null to parameter #1 ($string) of type string is deprecated","File":"C:\\Users\\thanh\\Local Sites\\noithatpaloma\\app\\public\\wp-includes\\formatting.php","Line":2829}

Nov 26 2025 15:15:30
{"Number":8192,"Message":"rtrim(): Passing null to parameter #1 ($string) of type string is deprecated","File":"C:\\Users\\thanh\\Local Sites\\noithatpaloma\\app\\public\\wp-includes\\formatting.php","Line":2829}

Nov 26 2025 15:15:30
{"Number":8192,"Message":"rtrim(): Passing null to parameter #1 ($string) of type string is deprecated","File":"C:\\Users\\thanh\\Local Sites\\noithatpaloma\\app\\public\\wp-includes\\formatting.php","Line":2829}

Nov 26 2025 15:15:30
{"Number":8192,"Message":"rtrim(): Passing null to parameter #1 ($string) of type string is deprecated","File":"C:\\Users\\thanh\\Local Sites\\noithatpaloma\\app\\public\\wp-includes\\formatting.php","Line":2829}

Nov 26 2025 15:15:30
{"Number":8192,"Message":"rtrim(): Passing null to parameter #1 ($string) of type string is deprecated","File":"C:\\Users\\thanh\\Local Sites\\noithatpaloma\\app\\public\\wp-includes\\formatting.php","Line":2829}

Nov 26 2025 15:15:30
{"Number":8192,"Message":"rtrim(): Passing null to parameter #1 ($string) of type string is deprecated","File":"C:\\Users\\thanh\\Local Sites\\noithatpaloma\\app\\public\\wp-includes\\formatting.php","Line":2829}

Nov 26 2025 15:15:30
{"Number":8192,"Message":"rtrim(): Passing null to parameter #1 ($string) of type string is deprecated","File":"C:\\Users\\thanh\\Local Sites\\noithatpaloma\\app\\public\\wp-includes\\formatting.php","Line":2829}

Nov 26 2025 15:15:30
{"Number":8192,"Message":"rtrim(): Passing null to parameter #1 ($string) of type string is deprecated","File":"C:\\Users\\thanh\\Local Sites\\noithatpaloma\\app\\public\\wp-includes\\formatting.php","Line":2829}

Nov 26 2025 15:15:30
{"Number":8192,"Message":"rtrim(): Passing null to parameter #1 ($string) of type string is deprecated","File":"C:\\Users\\thanh\\Local Sites\\noithatpaloma\\app\\public\\wp-includes\\formatting.php","Line":2829}

Nov 26 2025 15:15:30
{"Number":8192,"Message":"rtrim(): Passing null to parameter #1 ($string) of type string is deprecated","File":"C:\\Users\\thanh\\Local Sites\\noithatpaloma\\app\\public\\wp-includes\\formatting.php","Line":2829}

Nov 26 2025 15:15:30
{"Number":8192,"Message":"rtrim(): Passing null to parameter #1 ($string) of type string is deprecated","File":"C:\\Users\\thanh\\Local Sites\\noithatpaloma\\app\\public\\wp-includes\\formatting.php","Line":2829}

Nov 26 2025 15:15:30
{"Number":8192,"Message":"rtrim(): Passing null to parameter #1 ($string) of type string is deprecated","File":"C:\\Users\\thanh\\Local Sites\\noithatpaloma\\app\\public\\wp-includes\\formatting.php","Line":2829}

Nov 26 2025 15:15:30
{"Number":8192,"Message":"rtrim(): Passing null to parameter #1 ($string) of type string is deprecated","File":"C:\\Users\\thanh\\Local Sites\\noithatpaloma\\app\\public\\wp-includes\\formatting.php","Line":2829}

Nov 26 2025 15:15:30
{"Number":8192,"Message":"rtrim(): Passing null to parameter #1 ($string) of type string is deprecated","File":"C:\\Users\\thanh\\Local Sites\\noithatpaloma\\app\\public\\wp-includes\\formatting.php","Line":2829}

Nov 26 2025 15:15:30
{"Number":8192,"Message":"rtrim(): Passing null to parameter #1 ($string) of type string is deprecated","File":"C:\\Users\\thanh\\Local Sites\\noithatpaloma\\app\\public\\wp-includes\\formatting.php","Line":2829}

Nov 26 2025 15:15:30
{"Number":8192,"Message":"rtrim(): Passing null to parameter #1 ($string) of type string is deprecated","File":"C:\\Users\\thanh\\Local Sites\\noithatpaloma\\app\\public\\wp-includes\\formatting.php","Line":2829}

Nov 26 2025 15:15:30
{"Number":8192,"Message":"rtrim(): Passing null to parameter #1 ($string) of type string is deprecated","File":"C:\\Users\\thanh\\Local Sites\\noithatpaloma\\app\\public\\wp-includes\\formatting.php","Line":2829}

Nov 26 2025 15:15:30
{"Number":8192,"Message":"rtrim(): Passing null to parameter #1 ($string) of type string is deprecated","File":"C:\\Users\\thanh\\Local Sites\\noithatpaloma\\app\\public\\wp-includes\\formatting.php","Line":2829}

Nov 26 2025 15:15:44
{"Number":8192,"Message":"rtrim(): Passing null to parameter #1 ($string) of type string is deprecated","File":"C:\\Users\\thanh\\Local Sites\\noithatpaloma\\app\\public\\wp-includes\\formatting.php","Line":2829}

Nov 26 2025 15:15:44
{"Number":8192,"Message":"rtrim(): Passing null to parameter #1 ($string) of type string is deprecated","File":"C:\\Users\\thanh\\Local Sites\\noithatpaloma\\app\\public\\wp-includes\\formatting.php","Line":2829}

Nov 26 2025 15:15:44
{"Number":8192,"Message":"rtrim(): Passing null to parameter #1 ($string) of type string is deprecated","File":"C:\\Users\\thanh\\Local Sites\\noithatpaloma\\app\\public\\wp-includes\\formatting.php","Line":2829}

Nov 26 2025 15:15:44
{"Number":8192,"Message":"rtrim(): Passing null to parameter #1 ($string) of type string is deprecated","File":"C:\\Users\\thanh\\Local Sites\\noithatpaloma\\app\\public\\wp-includes\\formatting.php","Line":2829}

Nov 26 2025 15:15:44
{"Number":8192,"Message":"rtrim(): Passing null to parameter #1 ($string) of type string is deprecated","File":"C:\\Users\\thanh\\Local Sites\\noithatpaloma\\app\\public\\wp-includes\\formatting.php","Line":2829}

Nov 26 2025 15:15:44
{"Number":8192,"Message":"rtrim(): Passing null to parameter #1 ($string) of type string is deprecated","File":"C:\\Users\\thanh\\Local Sites\\noithatpaloma\\app\\public\\wp-includes\\formatting.php","Line":2829}

Nov 26 2025 15:15:44
{"Number":8192,"Message":"rtrim(): Passing null to parameter #1 ($string) of type string is deprecated","File":"C:\\Users\\thanh\\Local Sites\\noithatpaloma\\app\\public\\wp-includes\\formatting.php","Line":2829}

Nov 26 2025 15:15:44
{"Number":8192,"Message":"rtrim(): Passing null to parameter #1 ($string) of type string is deprecated","File":"C:\\Users\\thanh\\Local Sites\\noithatpaloma\\app\\public\\wp-includes\\formatting.php","Line":2829}

Nov 26 2025 15:15:44
{"Number":8192,"Message":"rtrim(): Passing null to parameter #1 ($string) of type string is deprecated","File":"C:\\Users\\thanh\\Local Sites\\noithatpaloma\\app\\public\\wp-includes\\formatting.php","Line":2829}

Nov 26 2025 15:15:44
{"Number":8192,"Message":"rtrim(): Passing null to parameter #1 ($string) of type string is deprecated","File":"C:\\Users\\thanh\\Local Sites\\noithatpaloma\\app\\public\\wp-includes\\formatting.php","Line":2829}

Nov 26 2025 15:15:44
{"Number":8192,"Message":"rtrim(): Passing null to parameter #1 ($string) of type string is deprecated","File":"C:\\Users\\thanh\\Local Sites\\noithatpaloma\\app\\public\\wp-includes\\formatting.php","Line":2829}

Nov 26 2025 15:15:44
{"Number":8192,"Message":"rtrim(): Passing null to parameter #1 ($string) of type string is deprecated","File":"C:\\Users\\thanh\\Local Sites\\noithatpaloma\\app\\public\\wp-includes\\formatting.php","Line":2829}

Nov 26 2025 15:15:44
{"Number":8192,"Message":"rtrim(): Passing null to parameter #1 ($string) of type string is deprecated","File":"C:\\Users\\thanh\\Local Sites\\noithatpaloma\\app\\public\\wp-includes\\formatting.php","Line":2829}

Nov 26 2025 15:15:44
{"Number":8192,"Message":"rtrim(): Passing null to parameter #1 ($string) of type string is deprecated","File":"C:\\Users\\thanh\\Local Sites\\noithatpaloma\\app\\public\\wp-includes\\formatting.php","Line":2829}

Nov 26 2025 15:15:44
{"Number":8192,"Message":"rtrim(): Passing null to parameter #1 ($string) of type string is deprecated","File":"C:\\Users\\thanh\\Local Sites\\noithatpaloma\\app\\public\\wp-includes\\formatting.php","Line":2829}

Nov 26 2025 15:15:44
{"Number":8192,"Message":"rtrim(): Passing null to parameter #1 ($string) of type string is deprecated","File":"C:\\Users\\thanh\\Local Sites\\noithatpaloma\\app\\public\\wp-includes\\formatting.php","Line":2829}

Nov 26 2025 15:15:44
{"Number":8192,"Message":"rtrim(): Passing null to parameter #1 ($string) of type string is deprecated","File":"C:\\Users\\thanh\\Local Sites\\noithatpaloma\\app\\public\\wp-includes\\formatting.php","Line":2829}

Nov 26 2025 15:15:44
{"Number":8192,"Message":"rtrim(): Passing null to parameter #1 ($string) of type string is deprecated","File":"C:\\Users\\thanh\\Local Sites\\noithatpaloma\\app\\public\\wp-includes\\formatting.php","Line":2829}

Nov 26 2025 15:15:44
{"Number":8192,"Message":"rtrim(): Passing null to parameter #1 ($string) of type string is deprecated","File":"C:\\Users\\thanh\\Local Sites\\noithatpaloma\\app\\public\\wp-includes\\formatting.php","Line":2829}

Nov 26 2025 15:15:44
{"Number":8192,"Message":"rtrim(): Passing null to parameter #1 ($string) of type string is deprecated","File":"C:\\Users\\thanh\\Local Sites\\noithatpaloma\\app\\public\\wp-includes\\formatting.php","Line":2829}

Nov 26 2025 15:15:44
{"Number":8192,"Message":"rtrim(): Passing null to parameter #1 ($string) of type string is deprecated","File":"C:\\Users\\thanh\\Local Sites\\noithatpaloma\\app\\public\\wp-includes\\formatting.php","Line":2829}

Nov 26 2025 15:15:44
{"Number":8192,"Message":"rtrim(): Passing null to parameter #1 ($string) of type string is deprecated","File":"C:\\Users\\thanh\\Local Sites\\noithatpaloma\\app\\public\\wp-includes\\formatting.php","Line":2829}

Nov 26 2025 15:15:44
{"Number":8192,"Message":"rtrim(): Passing null to parameter #1 ($string) of type string is deprecated","File":"C:\\Users\\thanh\\Local Sites\\noithatpaloma\\app\\public\\wp-includes\\formatting.php","Line":2829}

Nov 26 2025 15:15:44
{"Number":8192,"Message":"rtrim(): Passing null to parameter #1 ($string) of type string is deprecated","File":"C:\\Users\\thanh\\Local Sites\\noithatpaloma\\app\\public\\wp-includes\\formatting.php","Line":2829}

Nov 26 2025 15:15:44
{"Number":8192,"Message":"rtrim(): Passing null to parameter #1 ($string) of type string is deprecated","File":"C:\\Users\\thanh\\Local Sites\\noithatpaloma\\app\\public\\wp-includes\\formatting.php","Line":2829}

Nov 26 2025 15:15:44
{"Number":8192,"Message":"rtrim(): Passing null to parameter #1 ($string) of type string is deprecated","File":"C:\\Users\\thanh\\Local Sites\\noithatpaloma\\app\\public\\wp-includes\\formatting.php","Line":2829}

Nov 26 2025 15:15:44
{"Number":8192,"Message":"rtrim(): Passing null to parameter #1 ($string) of type string is deprecated","File":"C:\\Users\\thanh\\Local Sites\\noithatpaloma\\app\\public\\wp-includes\\formatting.php","Line":2829}

Nov 26 2025 15:15:44
{"Number":8192,"Message":"rtrim(): Passing null to parameter #1 ($string) of type string is deprecated","File":"C:\\Users\\thanh\\Local Sites\\noithatpaloma\\app\\public\\wp-includes\\formatting.php","Line":2829}

Nov 26 2025 15:15:44
{"Number":8192,"Message":"rtrim(): Passing null to parameter #1 ($string) of type string is deprecated","File":"C:\\Users\\thanh\\Local Sites\\noithatpaloma\\app\\public\\wp-includes\\formatting.php","Line":2829}

Nov 26 2025 15:15:44
{"Number":8192,"Message":"rtrim(): Passing null to parameter #1 ($string) of type string is deprecated","File":"C:\\Users\\thanh\\Local Sites\\noithatpaloma\\app\\public\\wp-includes\\formatting.php","Line":2829}

Nov 26 2025 15:15:44
{"Number":8192,"Message":"rtrim(): Passing null to parameter #1 ($string) of type string is deprecated","File":"C:\\Users\\thanh\\Local Sites\\noithatpaloma\\app\\public\\wp-includes\\formatting.php","Line":2829}

Nov 26 2025 15:15:44
{"Number":8192,"Message":"rtrim(): Passing null to parameter #1 ($string) of type string is deprecated","File":"C:\\Users\\thanh\\Local Sites\\noithatpaloma\\app\\public\\wp-includes\\formatting.php","Line":2829}

Nov 26 2025 15:15:44
{"Number":8192,"Message":"rtrim(): Passing null to parameter #1 ($string) of type string is deprecated","File":"C:\\Users\\thanh\\Local Sites\\noithatpaloma\\app\\public\\wp-includes\\formatting.php","Line":2829}

Nov 26 2025 15:15:44
{"Number":8192,"Message":"rtrim(): Passing null to parameter #1 ($string) of type string is deprecated","File":"C:\\Users\\thanh\\Local Sites\\noithatpaloma\\app\\public\\wp-includes\\formatting.php","Line":2829}

Nov 26 2025 15:15:44
{"Number":8192,"Message":"rtrim(): Passing null to parameter #1 ($string) of type string is deprecated","File":"C:\\Users\\thanh\\Local Sites\\noithatpaloma\\app\\public\\wp-includes\\formatting.php","Line":2829}

Nov 26 2025 15:15:44
{"Number":8192,"Message":"rtrim(): Passing null to parameter #1 ($string) of type string is deprecated","File":"C:\\Users\\thanh\\Local Sites\\noithatpaloma\\app\\public\\wp-includes\\formatting.php","Line":2829}

Nov 26 2025 15:15:55
{"Number":8192,"Message":"rtrim(): Passing null to parameter #1 ($string) of type string is deprecated","File":"C:\\Users\\thanh\\Local Sites\\noithatpaloma\\app\\public\\wp-includes\\formatting.php","Line":2829}

Nov 26 2025 15:15:55
{"Number":8192,"Message":"rtrim(): Passing null to parameter #1 ($string) of type string is deprecated","File":"C:\\Users\\thanh\\Local Sites\\noithatpaloma\\app\\public\\wp-includes\\formatting.php","Line":2829}

Nov 26 2025 15:15:55
{"Number":8192,"Message":"rtrim(): Passing null to parameter #1 ($string) of type string is deprecated","File":"C:\\Users\\thanh\\Local Sites\\noithatpaloma\\app\\public\\wp-includes\\formatting.php","Line":2829}

Nov 26 2025 15:15:55
{"Number":8192,"Message":"rtrim(): Passing null to parameter #1 ($string) of type string is deprecated","File":"C:\\Users\\thanh\\Local Sites\\noithatpaloma\\app\\public\\wp-includes\\formatting.php","Line":2829}

Nov 26 2025 15:15:55
{"Number":8192,"Message":"rtrim(): Passing null to parameter #1 ($string) of type string is deprecated","File":"C:\\Users\\thanh\\Local Sites\\noithatpaloma\\app\\public\\wp-includes\\formatting.php","Line":2829}

Nov 26 2025 15:15:55
{"Number":8192,"Message":"rtrim(): Passing null to parameter #1 ($string) of type string is deprecated","File":"C:\\Users\\thanh\\Local Sites\\noithatpaloma\\app\\public\\wp-includes\\formatting.php","Line":2829}

Nov 26 2025 15:15:55
{"Number":8192,"Message":"rtrim(): Passing null to parameter #1 ($string) of type string is deprecated","File":"C:\\Users\\thanh\\Local Sites\\noithatpaloma\\app\\public\\wp-includes\\formatting.php","Line":2829}

Nov 26 2025 15:15:55
{"Number":8192,"Message":"rtrim(): Passing null to parameter #1 ($string) of type string is deprecated","File":"C:\\Users\\thanh\\Local Sites\\noithatpaloma\\app\\public\\wp-includes\\formatting.php","Line":2829}

Nov 26 2025 15:15:55
{"Number":8192,"Message":"rtrim(): Passing null to parameter #1 ($string) of type string is deprecated","File":"C:\\Users\\thanh\\Local Sites\\noithatpaloma\\app\\public\\wp-includes\\formatting.php","Line":2829}

Nov 26 2025 15:15:55
{"Number":8192,"Message":"rtrim(): Passing null to parameter #1 ($string) of type string is deprecated","File":"C:\\Users\\thanh\\Local Sites\\noithatpaloma\\app\\public\\wp-includes\\formatting.php","Line":2829}

Nov 26 2025 15:15:55
{"Number":8192,"Message":"rtrim(): Passing null to parameter #1 ($string) of type string is deprecated","File":"C:\\Users\\thanh\\Local Sites\\noithatpaloma\\app\\public\\wp-includes\\formatting.php","Line":2829}

Nov 26 2025 15:15:55
{"Number":8192,"Message":"rtrim(): Passing null to parameter #1 ($string) of type string is deprecated","File":"C:\\Users\\thanh\\Local Sites\\noithatpaloma\\app\\public\\wp-includes\\formatting.php","Line":2829}

Nov 26 2025 15:15:55
{"Number":8192,"Message":"rtrim(): Passing null to parameter #1 ($string) of type string is deprecated","File":"C:\\Users\\thanh\\Local Sites\\noithatpaloma\\app\\public\\wp-includes\\formatting.php","Line":2829}

Nov 26 2025 15:15:55
{"Number":8192,"Message":"rtrim(): Passing null to parameter #1 ($string) of type string is deprecated","File":"C:\\Users\\thanh\\Local Sites\\noithatpaloma\\app\\public\\wp-includes\\formatting.php","Line":2829}

Nov 26 2025 15:15:55
{"Number":8192,"Message":"rtrim(): Passing null to parameter #1 ($string) of type string is deprecated","File":"C:\\Users\\thanh\\Local Sites\\noithatpaloma\\app\\public\\wp-includes\\formatting.php","Line":2829}

Nov 26 2025 15:15:55
{"Number":8192,"Message":"rtrim(): Passing null to parameter #1 ($string) of type string is deprecated","File":"C:\\Users\\thanh\\Local Sites\\noithatpaloma\\app\\public\\wp-includes\\formatting.php","Line":2829}

Nov 26 2025 15:15:55
{"Number":8192,"Message":"rtrim(): Passing null to parameter #1 ($string) of type string is deprecated","File":"C:\\Users\\thanh\\Local Sites\\noithatpaloma\\app\\public\\wp-includes\\formatting.php","Line":2829}

Nov 26 2025 15:15:55
{"Number":8192,"Message":"rtrim(): Passing null to parameter #1 ($string) of type string is deprecated","File":"C:\\Users\\thanh\\Local Sites\\noithatpaloma\\app\\public\\wp-includes\\formatting.php","Line":2829}

Nov 26 2025 15:15:55
{"Number":8192,"Message":"rtrim(): Passing null to parameter #1 ($string) of type string is deprecated","File":"C:\\Users\\thanh\\Local Sites\\noithatpaloma\\app\\public\\wp-includes\\formatting.php","Line":2829}

Nov 26 2025 15:15:55
{"Number":8192,"Message":"rtrim(): Passing null to parameter #1 ($string) of type string is deprecated","File":"C:\\Users\\thanh\\Local Sites\\noithatpaloma\\app\\public\\wp-includes\\formatting.php","Line":2829}

Nov 26 2025 15:15:55
{"Number":8192,"Message":"rtrim(): Passing null to parameter #1 ($string) of type string is deprecated","File":"C:\\Users\\thanh\\Local Sites\\noithatpaloma\\app\\public\\wp-includes\\formatting.php","Line":2829}

Nov 26 2025 15:15:55
{"Number":8192,"Message":"rtrim(): Passing null to parameter #1 ($string) of type string is deprecated","File":"C:\\Users\\thanh\\Local Sites\\noithatpaloma\\app\\public\\wp-includes\\formatting.php","Line":2829}

Nov 26 2025 15:15:55
{"Number":8192,"Message":"rtrim(): Passing null to parameter #1 ($string) of type string is deprecated","File":"C:\\Users\\thanh\\Local Sites\\noithatpaloma\\app\\public\\wp-includes\\formatting.php","Line":2829}

Nov 26 2025 15:15:55
{"Number":8192,"Message":"rtrim(): Passing null to parameter #1 ($string) of type string is deprecated","File":"C:\\Users\\thanh\\Local Sites\\noithatpaloma\\app\\public\\wp-includes\\formatting.php","Line":2829}

Nov 26 2025 15:15:55
{"Number":8192,"Message":"rtrim(): Passing null to parameter #1 ($string) of type string is deprecated","File":"C:\\Users\\thanh\\Local Sites\\noithatpaloma\\app\\public\\wp-includes\\formatting.php","Line":2829}

Nov 26 2025 15:15:55
{"Number":8192,"Message":"rtrim(): Passing null to parameter #1 ($string) of type string is deprecated","File":"C:\\Users\\thanh\\Local Sites\\noithatpaloma\\app\\public\\wp-includes\\formatting.php","Line":2829}

Nov 26 2025 15:15:55
{"Number":8192,"Message":"rtrim(): Passing null to parameter #1 ($string) of type string is deprecated","File":"C:\\Users\\thanh\\Local Sites\\noithatpaloma\\app\\public\\wp-includes\\formatting.php","Line":2829}

Nov 26 2025 15:15:55
{"Number":8192,"Message":"rtrim(): Passing null to parameter #1 ($string) of type string is deprecated","File":"C:\\Users\\thanh\\Local Sites\\noithatpaloma\\app\\public\\wp-includes\\formatting.php","Line":2829}

Nov 26 2025 15:15:55
{"Number":8192,"Message":"rtrim(): Passing null to parameter #1 ($string) of type string is deprecated","File":"C:\\Users\\thanh\\Local Sites\\noithatpaloma\\app\\public\\wp-includes\\formatting.php","Line":2829}

Nov 26 2025 15:15:55
{"Number":8192,"Message":"rtrim(): Passing null to parameter #1 ($string) of type string is deprecated","File":"C:\\Users\\thanh\\Local Sites\\noithatpaloma\\app\\public\\wp-includes\\formatting.php","Line":2829}

Nov 26 2025 15:15:55
{"Number":8192,"Message":"rtrim(): Passing null to parameter #1 ($string) of type string is deprecated","File":"C:\\Users\\thanh\\Local Sites\\noithatpaloma\\app\\public\\wp-includes\\formatting.php","Line":2829}

Nov 26 2025 15:15:55
{"Number":8192,"Message":"rtrim(): Passing null to parameter #1 ($string) of type string is deprecated","File":"C:\\Users\\thanh\\Local Sites\\noithatpaloma\\app\\public\\wp-includes\\formatting.php","Line":2829}

Nov 26 2025 15:15:55
{"Number":8192,"Message":"rtrim(): Passing null to parameter #1 ($string) of type string is deprecated","File":"C:\\Users\\thanh\\Local Sites\\noithatpaloma\\app\\public\\wp-includes\\formatting.php","Line":2829}

Nov 26 2025 15:15:55
{"Number":8192,"Message":"rtrim(): Passing null to parameter #1 ($string) of type string is deprecated","File":"C:\\Users\\thanh\\Local Sites\\noithatpaloma\\app\\public\\wp-includes\\formatting.php","Line":2829}

Nov 26 2025 15:15:55
{"Number":8192,"Message":"rtrim(): Passing null to parameter #1 ($string) of type string is deprecated","File":"C:\\Users\\thanh\\Local Sites\\noithatpaloma\\app\\public\\wp-includes\\formatting.php","Line":2829}

Nov 26 2025 15:15:55
{"Number":8192,"Message":"rtrim(): Passing null to parameter #1 ($string) of type string is deprecated","File":"C:\\Users\\thanh\\Local Sites\\noithatpaloma\\app\\public\\wp-includes\\formatting.php","Line":2829}

Nov 26 2025 15:16:02
{"type":8192,"message":"Creation of dynamic property RankMathPro\\Admin\\Admin::$components is deprecated","file":"C:\\Users\\thanh\\Local Sites\\noithatpaloma\\app\\public\\wp-content\\plugins\\seo-by-rank-math-pro\\includes\\admin\\class-admin.php","line":66}

Nov 26 2025 15:16:06
{"type":8192,"message":"Creation of dynamic property RankMathPro\\Admin\\Admin::$components is deprecated","file":"C:\\Users\\thanh\\Local Sites\\noithatpaloma\\app\\public\\wp-content\\plugins\\seo-by-rank-math-pro\\includes\\admin\\class-admin.php","line":66}

Dec 02 2025 15:35:23
{"type":8192,"message":"Creation of dynamic property RankMathPro\\Admin\\Admin::$components is deprecated","file":"C:\\Users\\thanh\\Local Sites\\noithatpaloma\\app\\public\\wp-content\\plugins\\seo-by-rank-math-pro\\includes\\admin\\class-admin.php","line":66}

Dec 02 2025 15:35:41
{"Number":8192,"Message":"explode(): Passing null to parameter #2 ($string) of type string is deprecated","File":"C:\\Users\\thanh\\Local Sites\\noithatpaloma\\app\\public\\wp-content\\plugins\\all-in-one-wp-migration\\functions.php","Line":447}

Dec 02 2025 15:35:41
{"type":8192,"message":"Creation of dynamic property RankMathPro\\Admin\\Admin::$components is deprecated","file":"C:\\Users\\thanh\\Local Sites\\noithatpaloma\\app\\public\\wp-content\\plugins\\seo-by-rank-math-pro\\includes\\admin\\class-admin.php","line":66}

Dec 02 2025 15:35:51
{"type":8192,"message":"Creation of dynamic property RankMathPro\\Admin\\Admin::$components is deprecated","file":"C:\\Users\\thanh\\Local Sites\\noithatpaloma\\app\\public\\wp-content\\plugins\\seo-by-rank-math-pro\\includes\\admin\\class-admin.php","line":66}

Dec 02 2025 15:35:55
{"type":8192,"message":"Creation of dynamic property RankMathPro\\Admin\\Admin::$components is deprecated","file":"C:\\Users\\thanh\\Local Sites\\noithatpaloma\\app\\public\\wp-content\\plugins\\seo-by-rank-math-pro\\includes\\admin\\class-admin.php","line":66}

Dec 02 2025 15:35:59
{"type":8192,"message":"Creation of dynamic property RankMathPro\\Admin\\Admin::$components is deprecated","file":"C:\\Users\\thanh\\Local Sites\\noithatpaloma\\app\\public\\wp-content\\plugins\\seo-by-rank-math-pro\\includes\\admin\\class-admin.php","line":66}

Dec 02 2025 15:35:59
{"type":8192,"message":"Creation of dynamic property RankMathPro\\Admin\\Admin::$components is deprecated","file":"C:\\Users\\thanh\\Local Sites\\noithatpaloma\\app\\public\\wp-content\\plugins\\seo-by-rank-math-pro\\includes\\admin\\class-admin.php","line":66}

Dec 02 2025 15:36:02
{"Number":8192,"Message":"base64_encode(): Passing null to parameter #1 ($string) of type string is deprecated","File":"C:\\Users\\thanh\\Local Sites\\noithatpaloma\\app\\public\\wp-content\\plugins\\all-in-one-wp-migration\\lib\\model\\export\\class-ai1wm-export-config.php","Line":164}

Dec 02 2025 15:36:02
{"type":8192,"message":"Creation of dynamic property RankMathPro\\Admin\\Admin::$components is deprecated","file":"C:\\Users\\thanh\\Local Sites\\noithatpaloma\\app\\public\\wp-content\\plugins\\seo-by-rank-math-pro\\includes\\admin\\class-admin.php","line":66}

Dec 02 2025 15:36:05
{"type":8192,"message":"Creation of dynamic property RankMathPro\\Admin\\Admin::$components is deprecated","file":"C:\\Users\\thanh\\Local Sites\\noithatpaloma\\app\\public\\wp-content\\plugins\\seo-by-rank-math-pro\\includes\\admin\\class-admin.php","line":66}

Dec 02 2025 15:36:05
{"type":8192,"message":"Creation of dynamic property RankMathPro\\Admin\\Admin::$components is deprecated","file":"C:\\Users\\thanh\\Local Sites\\noithatpaloma\\app\\public\\wp-content\\plugins\\seo-by-rank-math-pro\\includes\\admin\\class-admin.php","line":66}

Dec 02 2025 15:36:08
{"type":8192,"message":"Creation of dynamic property RankMathPro\\Admin\\Admin::$components is deprecated","file":"C:\\Users\\thanh\\Local Sites\\noithatpaloma\\app\\public\\wp-content\\plugins\\seo-by-rank-math-pro\\includes\\admin\\class-admin.php","line":66}

Dec 02 2025 15:36:12
{"type":8192,"message":"Creation of dynamic property RankMathPro\\Admin\\Admin::$components is deprecated","file":"C:\\Users\\thanh\\Local Sites\\noithatpaloma\\app\\public\\wp-content\\plugins\\seo-by-rank-math-pro\\includes\\admin\\class-admin.php","line":66}

Dec 02 2025 15:36:14
{"type":8192,"message":"Creation of dynamic property RankMathPro\\Admin\\Admin::$components is deprecated","file":"C:\\Users\\thanh\\Local Sites\\noithatpaloma\\app\\public\\wp-content\\plugins\\seo-by-rank-math-pro\\includes\\admin\\class-admin.php","line":66}

Dec 02 2025 15:36:20
{"type":8192,"message":"Creation of dynamic property RankMathPro\\Admin\\Admin::$components is deprecated","file":"C:\\Users\\thanh\\Local Sites\\noithatpaloma\\app\\public\\wp-content\\plugins\\seo-by-rank-math-pro\\includes\\admin\\class-admin.php","line":66}

Dec 02 2025 15:36:25
{"type":8192,"message":"Creation of dynamic property RankMathPro\\Admin\\Admin::$components is deprecated","file":"C:\\Users\\thanh\\Local Sites\\noithatpaloma\\app\\public\\wp-content\\plugins\\seo-by-rank-math-pro\\includes\\admin\\class-admin.php","line":66}

Dec 02 2025 15:36:30
{"type":8192,"message":"Creation of dynamic property RankMathPro\\Admin\\Admin::$components is deprecated","file":"C:\\Users\\thanh\\Local Sites\\noithatpaloma\\app\\public\\wp-content\\plugins\\seo-by-rank-math-pro\\includes\\admin\\class-admin.php","line":66}

Dec 02 2025 15:36:32
{"type":8192,"message":"Creation of dynamic property RankMathPro\\Admin\\Admin::$components is deprecated","file":"C:\\Users\\thanh\\Local Sites\\noithatpaloma\\app\\public\\wp-content\\plugins\\seo-by-rank-math-pro\\includes\\admin\\class-admin.php","line":66}

Dec 02 2025 15:36:34
{"type":8192,"message":"Creation of dynamic property RankMathPro\\Admin\\Admin::$components is deprecated","file":"C:\\Users\\thanh\\Local Sites\\noithatpaloma\\app\\public\\wp-content\\plugins\\seo-by-rank-math-pro\\includes\\admin\\class-admin.php","line":66}

Dec 02 2025 15:36:38
{"type":8192,"message":"Creation of dynamic property RankMathPro\\Admin\\Admin::$components is deprecated","file":"C:\\Users\\thanh\\Local Sites\\noithatpaloma\\app\\public\\wp-content\\plugins\\seo-by-rank-math-pro\\includes\\admin\\class-admin.php","line":66}

Dec 02 2025 15:36:38
{"type":8192,"message":"Creation of dynamic property RankMathPro\\Admin\\Admin::$components is deprecated","file":"C:\\Users\\thanh\\Local Sites\\noithatpaloma\\app\\public\\wp-content\\plugins\\seo-by-rank-math-pro\\includes\\admin\\class-admin.php","line":66}

Dec 02 2025 15:36:53
{"type":8192,"message":"Creation of dynamic property RankMathPro\\Admin\\Admin::$components is deprecated","file":"C:\\Users\\thanh\\Local Sites\\noithatpaloma\\app\\public\\wp-content\\plugins\\seo-by-rank-math-pro\\includes\\admin\\class-admin.php","line":66}

Dec 02 2025 15:37:01
{"type":8192,"message":"Creation of dynamic property RankMathPro\\Admin\\Admin::$components is deprecated","file":"C:\\Users\\thanh\\Local Sites\\noithatpaloma\\app\\public\\wp-content\\plugins\\seo-by-rank-math-pro\\includes\\admin\\class-admin.php","line":66}

Dec 02 2025 15:37:14
{"type":8192,"message":"Creation of dynamic property RankMathPro\\Admin\\Admin::$components is deprecated","file":"C:\\Users\\thanh\\Local Sites\\noithatpaloma\\app\\public\\wp-content\\plugins\\seo-by-rank-math-pro\\includes\\admin\\class-admin.php","line":66}

Dec 02 2025 15:37:17
{"type":8192,"message":"Creation of dynamic property RankMathPro\\Admin\\Admin::$components is deprecated","file":"C:\\Users\\thanh\\Local Sites\\noithatpaloma\\app\\public\\wp-content\\plugins\\seo-by-rank-math-pro\\includes\\admin\\class-admin.php","line":66}

Dec 02 2025 15:37:18
{"type":8192,"message":"Creation of dynamic property RankMathPro\\Admin\\Admin::$components is deprecated","file":"C:\\Users\\thanh\\Local Sites\\noithatpaloma\\app\\public\\wp-content\\plugins\\seo-by-rank-math-pro\\includes\\admin\\class-admin.php","line":66}

Dec 02 2025 15:37:24
{"type":8192,"message":"Creation of dynamic property RankMathPro\\Admin\\Admin::$components is deprecated","file":"C:\\Users\\thanh\\Local Sites\\noithatpaloma\\app\\public\\wp-content\\plugins\\seo-by-rank-math-pro\\includes\\admin\\class-admin.php","line":66}

Dec 02 2025 15:37:27
{"type":8192,"message":"Creation of dynamic property RankMathPro\\Admin\\Admin::$components is deprecated","file":"C:\\Users\\thanh\\Local Sites\\noithatpaloma\\app\\public\\wp-content\\plugins\\seo-by-rank-math-pro\\includes\\admin\\class-admin.php","line":66}

Dec 02 2025 15:37:30
{"type":8192,"message":"Creation of dynamic property RankMathPro\\Admin\\Admin::$components is deprecated","file":"C:\\Users\\thanh\\Local Sites\\noithatpaloma\\app\\public\\wp-content\\plugins\\seo-by-rank-math-pro\\includes\\admin\\class-admin.php","line":66}

Dec 02 2025 15:37:33
{"type":8192,"message":"Creation of dynamic property RankMathPro\\Admin\\Admin::$components is deprecated","file":"C:\\Users\\thanh\\Local Sites\\noithatpaloma\\app\\public\\wp-content\\plugins\\seo-by-rank-math-pro\\includes\\admin\\class-admin.php","line":66}

Dec 02 2025 15:37:36
{"type":8192,"message":"Creation of dynamic property RankMathPro\\Admin\\Admin::$components is deprecated","file":"C:\\Users\\thanh\\Local Sites\\noithatpaloma\\app\\public\\wp-content\\plugins\\seo-by-rank-math-pro\\includes\\admin\\class-admin.php","line":66}

Dec 02 2025 15:37:41
{"type":8192,"message":"Creation of dynamic property RankMathPro\\Admin\\Admin::$components is deprecated","file":"C:\\Users\\thanh\\Local Sites\\noithatpaloma\\app\\public\\wp-content\\plugins\\seo-by-rank-math-pro\\includes\\admin\\class-admin.php","line":66}

Dec 02 2025 15:37:44
{"type":8192,"message":"Creation of dynamic property RankMathPro\\Admin\\Admin::$components is deprecated","file":"C:\\Users\\thanh\\Local Sites\\noithatpaloma\\app\\public\\wp-content\\plugins\\seo-by-rank-math-pro\\includes\\admin\\class-admin.php","line":66}

Dec 02 2025 15:37:44
{"type":8192,"message":"Creation of dynamic property RankMathPro\\Admin\\Admin::$components is deprecated","file":"C:\\Users\\thanh\\Local Sites\\noithatpaloma\\app\\public\\wp-content\\plugins\\seo-by-rank-math-pro\\includes\\admin\\class-admin.php","line":66}

Dec 02 2025 15:37:51
{"type":8192,"message":"Creation of dynamic property RankMathPro\\Admin\\Admin::$components is deprecated","file":"C:\\Users\\thanh\\Local Sites\\noithatpaloma\\app\\public\\wp-content\\plugins\\seo-by-rank-math-pro\\includes\\admin\\class-admin.php","line":66}

